     1 00000000                                 ; CopyRight (c) 2022-present, The Vexah Team. All rights reserved.
     2 00000000                                 ; Author: The Vexah Team, DrAlfred
     3 00000000                                 ; Version: 0.2.0
     4 00000000                                 ; Date: 2022-07-28
     5 00000000                                 ; License: MIT
     6 00000000                                 
     7                                          		ORG		0x7c00			; 指明程序的装载地址
     8 00007C00                                 
     9 00007C00                                 ; 以下这段是标准FAT12格式化软盘所要的代码
    10 00007C00                                 
    11 00007C00 EB 4E                           		JMP		entry
    12 00007C02 90                              		DB		0x90
    13 00007C03 56 65 78 61 68 49 50 4C         		DB 	    "VexahIPL"	   ; 启动扇区 长度为8的字符串均可
    14 00007C0B 0200                            		DW 	    512			   ; 扇区大小 必须为512
    15 00007C0D 01                              		DB 	    1			   ; 簇大小 必须为1个扇区
    16 00007C0E 0001                            		DW   	1              ; FAT的起始位置(一般为1)
    17 00007C10 02                              		DB 	    2              ; FAT的个数(必须为2)
    18 00007C11 00E0                            		DW 	    224			   ; 根目录的大小(一般为224项)
    19 00007C13 0B40                            		DW 	    2880		   ; 该磁盘的大小(必须为2880个扇区)
    20 00007C15 F0                              		DB 	    0xf0		   ; 该磁盘的种类(必须为0xf0)
    21 00007C16 0009                            		DW	    9			   ; FAT的长度(必须为9扇区)
    22 00007C18 0012                            		DW      18             ; 一个磁道有几个扇区(必须为18)
    23 00007C1A 0002                            		DW      2 			   ; 磁头数字(必须为2)
    24 00007C1C 00000000                        		DD	    0			   ; 不使用的扇区个数(必须为0)
    25 00007C20 00000B40                        		DD 	    2880           ; 重写磁盘大小
    26 00007C24 00 00 29                        		DB 	    0,0,0x29	   ; damedane
    27 00007C27 FFFFFFFF                        		DD      0xffffffff     ; 卷标号码
    28 00007C2B 56 65 78 61 68 2D 4F 53 20 20   		DB      "Vexah-OS   "  ; 磁盘名称(11字节)
       00007C35 20 
    29 00007C36 46 41 54 33 32 20 20 20         		DB      "FAT32   "     ; 磁盘格式名称(8字节)
    30 00007C3E 00 00 00 00 00 00 00 00 00 00   		RESB    18			   ; 空出18字节
       00007C48 00 00 00 00 00 00 00 00 
    31 00007C50                                 
    32 00007C50                                 ; 程序核心
    33 00007C50                                 
    34 00007C50                                 entry:
    35 00007C50 B8 0000                         		MOV		AX,0			; 初始化寄存器
    36 00007C53 8E D0                           		MOV		SS,AX
    37 00007C55 BC 7C00                         		MOV		SP,0x7c00
    38 00007C58 8E D8                           		MOV		DS,AX
    39 00007C5A 8E C0                           		MOV		ES,AX
    40 00007C5C                                 
    41 00007C5C B8 0820                         		MOV		AX,0x0820
    42 00007C5F 8E C0                           		MOV		ES,AX
    43 00007C61 B5 00                           		MOV		CH,0			; 柱面0
    44 00007C63 B6 00                           		MOV		DH,0			; 磁头0
    45 00007C65 B1 02                           		MOV		CL,2			; 扇区2
    46 00007C67                                 
    47 00007C67 B4 02                           		MOV		AH,0x02			; AH=0x02 : 读取盘操作
    48 00007C69 B0 01                           		MOV		AL,1			; 1个扇区
    49 00007C6B BB 0000                         		MOV		BX,0
    50 00007C6E B2 00                           		MOV		DL,0x00			; A盘
    51 00007C70 CD 13                           		INT		0x13			; 调用磁盘bios
    52 00007C72 72 00                           		JC		error
    53 00007C74                                 
    54 00007C74                                 error:
    55 00007C74 BE 7C8C                         		MOV		SI,msg
    56 00007C77                                 
    57 00007C77                                 putloop:
    58 00007C77 8A 04                           		MOV		AL,[SI]
    59 00007C79 83 C6 01                        		ADD		SI,1			; 将SI+1
    60 00007C7C 3C 00                           		CMP		AL,0
    61 00007C7E 74 09                           		JE		fin
    62 00007C80 B4 0E                           		MOV		AH,0x0e			; 显示一个文字
    63 00007C82 BB 000F                         		MOV		BX,15			; 指定其颜色
    64 00007C85 CD 10                           		INT		0x10			; 调用显卡BIOS
    65 00007C87 EB EE                           		JMP		putloop
    66 00007C89                                 fin:
    67 00007C89 F4                              		HLT						; 让CPU停止
    68 00007C8A EB FD                           		JMP		fin				; 无限循环
    69 00007C8C                                 
    70 00007C8C                                 msg:
    71 00007C8C 0A 0A                           		DB		0x0a, 0x0a		; 2个换行
    72 00007C8E 48 65 6C 6C 6F 20 56 65 78 61   		DB		"Hello Vexah 3.0"
       00007C98 68 20 33 2E 30 
    73 00007C9D 0A                              		DB		0x0a			; 换行
    74 00007C9E 00                              		DB		0
    75 00007C9F                                 
    76 00007C9F 00 00 00 00 00 00 00 00 00 00   		RESB	0x7dfe-$		; 填写0x00 直到0x07dfe的地址
       00007CA9 00 00 00 00 00 00 00 00 00 00 
       00007CB3 00 00 00 00 00 00 00 00 00 00 
       00007CBD 00 00 00 00 00 00 00 00 00 00 
       00007CC7 00 00 00 00 00 00 00 00 00 00 
       00007CD1 00 00 00 00 00 00 00 00 00 00 
       00007CDB 00 00 00 00 00 00 00 00 00 00 
       00007CE5 00 00 00 00 00 00 00 00 00 00 
       00007CEF 00 00 00 00 00 00 00 00 00 00 
       00007CF9 00 00 00 00 00 00 00 00 00 00 
       00007D03 00 00 00 00 00 00 00 00 00 00 
       00007D0D 00 00 00 00 00 00 00 00 00 00 
       00007D17 00 00 00 00 00 00 00 00 00 00 
       00007D21 00 00 00 00 00 00 00 00 00 00 
       00007D2B 00 00 00 00 00 00 00 00 00 00 
       00007D35 00 00 00 00 00 00 00 00 00 00 
       00007D3F 00 00 00 00 00 00 00 00 00 00 
       00007D49 00 00 00 00 00 00 00 00 00 00 
       00007D53 00 00 00 00 00 00 00 00 00 00 
       00007D5D 00 00 00 00 00 00 00 00 00 00 
       00007D67 00 00 00 00 00 00 00 00 00 00 
       00007D71 00 00 00 00 00 00 00 00 00 00 
       00007D7B 00 00 00 00 00 00 00 00 00 00 
       00007D85 00 00 00 00 00 00 00 00 00 00 
       00007D8F 00 00 00 00 00 00 00 00 00 00 
       00007D99 00 00 00 00 00 00 00 00 00 00 
       00007DA3 00 00 00 00 00 00 00 00 00 00 
       00007DAD 00 00 00 00 00 00 00 00 00 00 
       00007DB7 00 00 00 00 00 00 00 00 00 00 
       00007DC1 00 00 00 00 00 00 00 00 00 00 
       00007DCB 00 00 00 00 00 00 00 00 00 00 
       00007DD5 00 00 00 00 00 00 00 00 00 00 
       00007DDF 00 00 00 00 00 00 00 00 00 00 
       00007DE9 00 00 00 00 00 00 00 00 00 00 
       00007DF3 00 00 00 00 00 00 00 00 00 00 
       00007DFD 00 
    77 00007DFE                                 
    78 00007DFE 55 AA                           		DB		0x55, 0xaa
    79 00007E00                                         